# JRE version: OpenJDK Runtime Environment (21.0.6) (build 21.0.6+-13355223-b631.42)
# Java VM: OpenJDK 64-Bit Server VM (21.0.6+-13355223-b631.42, mixed mode, tiered, compressed oops, compressed class ptrs, g1 gc, windows-amd64)
GC Precious Log:
 CardTable entry size: 512
 Card Set container configuration: InlinePtr #cards 5 size 8 Array Of Cards #cards 12 size 40 Howl #buckets 4 coarsen threshold 1843 Howl Bitmap #cards 512 size 80 coarsen threshold 460 Card regions per heap region 1 cards per card region 2048
 CPUs: 8 total, 8 available
 Memory: 8036M
 Large Page Support: Disabled
 NUMA Support: Disabled
 Compressed Oops: Enabled (32-bit)
 Heap Region Size: 1M
 Heap Min Capacity: 8M
 Heap Initial Capacity: 126M
 Heap Max Capacity: 2G
 Pre-touch: Disabled
 Parallel Workers: 8
 Concurrent Workers: 2
 Concurrent Refinement Workers: 8
 Periodic GC: Disabled
Heap:
 garbage-first heap   total 178176K, used 116555K [0x0000000080000000, 0x0000000100000000)
  region size 1024K, 4 young (4096K), 4 survivors (4096K)
 Metaspace       used 93690K, committed 95680K, reserved 1179648K
  class space    used 12890K, committed 13888K, reserved 1048576K
GC Heap History (20 events):
Event: 5.490 GC heap after
{Heap after GC invocations=16 (full 0):
 garbage-first heap   total 122880K, used 76611K [0x0000000080000000, 0x0000000100000000)
  region size 1024K, 2 young (2048K), 2 survivors (2048K)
 Metaspace       used 63003K, committed 64640K, reserved 1114112K
  class space    used 8470K, committed 9280K, reserved 1048576K
}
Event: 5.890 GC heap before
{Heap before GC invocations=16 (full 0):
 garbage-first heap   total 122880K, used 113475K [0x0000000080000000, 0x0000000100000000)
  region size 1024K, 38 young (38912K), 2 survivors (2048K)
 Metaspace       used 67800K, committed 69504K, reserved 1114112K
  class space    used 9219K, committed 10048K, reserved 1048576K
}
Event: 5.893 GC heap after
{Heap after GC invocations=17 (full 0):
 garbage-first heap   total 147456K, used 78622K [0x0000000080000000, 0x0000000100000000)
  region size 1024K, 4 young (4096K), 4 survivors (4096K)
 Metaspace       used 67800K, committed 69504K, reserved 1114112K
  class space    used 9219K, committed 10048K, reserved 1048576K
}
Event: 6.702 GC heap before
{Heap before GC invocations=18 (full 0):
 garbage-first heap   total 147456K, used 127774K [0x0000000080000000, 0x0000000100000000)
  region size 1024K, 53 young (54272K), 4 survivors (4096K)
 Metaspace       used 72475K, committed 74304K, reserved 1114112K
  class space    used 9910K, committed 10816K, reserved 1048576K
}
Event: 6.709 GC heap after
{Heap after GC invocations=19 (full 0):
 garbage-first heap   total 147456K, used 83056K [0x0000000080000000, 0x0000000100000000)
  region size 1024K, 7 young (7168K), 7 survivors (7168K)
 Metaspace       used 72475K, committed 74304K, reserved 1114112K
  class space    used 9910K, committed 10816K, reserved 1048576K
}
Event: 6.911 GC heap before
{Heap before GC invocations=19 (full 0):
 garbage-first heap   total 147456K, used 129136K [0x0000000080000000, 0x0000000100000000)
  region size 1024K, 53 young (54272K), 7 survivors (7168K)
 Metaspace       used 72819K, committed 74624K, reserved 1114112K
  class space    used 9912K, committed 10816K, reserved 1048576K
}
Event: 6.917 GC heap after
{Heap after GC invocations=20 (full 0):
 garbage-first heap   total 147456K, used 85024K [0x0000000080000000, 0x0000000100000000)
  region size 1024K, 4 young (4096K), 4 survivors (4096K)
 Metaspace       used 72819K, committed 74624K, reserved 1114112K
  class space    used 9912K, committed 10816K, reserved 1048576K
}
Event: 7.053 GC heap before
{Heap before GC invocations=20 (full 0):
 garbage-first heap   total 147456K, used 131104K [0x0000000080000000, 0x0000000100000000)
  region size 1024K, 50 young (51200K), 4 survivors (4096K)
 Metaspace       used 73013K, committed 74880K, reserved 1114112K
  class space    used 9912K, committed 10816K, reserved 1048576K
}
Event: 7.056 GC heap after
{Heap after GC invocations=21 (full 0):
 garbage-first heap   total 147456K, used 85956K [0x0000000080000000, 0x0000000100000000)
  region size 1024K, 5 young (5120K), 5 survivors (5120K)
 Metaspace       used 73013K, committed 74880K, reserved 1114112K
  class space    used 9912K, committed 10816K, reserved 1048576K
}
Event: 7.444 GC heap before
{Heap before GC invocations=22 (full 0):
 garbage-first heap   total 147456K, used 132036K [0x0000000080000000, 0x0000000100000000)
  region size 1024K, 51 young (52224K), 5 survivors (5120K)
 Metaspace       used 74371K, committed 76224K, reserved 1179648K
  class space    used 10105K, committed 11008K, reserved 1048576K
}
Event: 7.449 GC heap after
{Heap after GC invocations=23 (full 0):
 garbage-first heap   total 147456K, used 87755K [0x0000000080000000, 0x0000000100000000)
  region size 1024K, 5 young (5120K), 5 survivors (5120K)
 Metaspace       used 74371K, committed 76224K, reserved 1179648K
  class space    used 10105K, committed 11008K, reserved 1048576K
}
Event: 7.898 GC heap before
{Heap before GC invocations=23 (full 0):
 garbage-first heap   total 147456K, used 132811K [0x0000000080000000, 0x0000000100000000)
  region size 1024K, 50 young (51200K), 5 survivors (5120K)
 Metaspace       used 82610K, committed 84480K, reserved 1179648K
  class space    used 11580K, committed 12480K, reserved 1048576K
}
Event: 7.902 GC heap after
{Heap after GC invocations=24 (full 0):
 garbage-first heap   total 147456K, used 87914K [0x0000000080000000, 0x0000000100000000)
  region size 1024K, 5 young (5120K), 5 survivors (5120K)
 Metaspace       used 82610K, committed 84480K, reserved 1179648K
  class space    used 11580K, committed 12480K, reserved 1048576K
}
Event: 8.224 GC heap before
{Heap before GC invocations=24 (full 0):
 garbage-first heap   total 147456K, used 111466K [0x0000000080000000, 0x0000000100000000)
  region size 1024K, 29 young (29696K), 5 survivors (5120K)
 Metaspace       used 86325K, committed 88128K, reserved 1179648K
  class space    used 12033K, committed 12928K, reserved 1048576K
}
Event: 8.228 GC heap after
{Heap after GC invocations=25 (full 0):
 garbage-first heap   total 147456K, used 88740K [0x0000000080000000, 0x0000000100000000)
  region size 1024K, 2 young (2048K), 2 survivors (2048K)
 Metaspace       used 86325K, committed 88128K, reserved 1179648K
  class space    used 12033K, committed 12928K, reserved 1048576K
}
Event: 8.658 GC heap before
{Heap before GC invocations=26 (full 0):
 garbage-first heap   total 160768K, used 154276K [0x0000000080000000, 0x0000000100000000)
  region size 1024K, 48 young (49152K), 2 survivors (2048K)
 Metaspace       used 89167K, committed 91136K, reserved 1179648K
  class space    used 12379K, committed 13376K, reserved 1048576K
}
Event: 8.664 GC heap after
{Heap after GC invocations=27 (full 0):
 garbage-first heap   total 164864K, used 102537K [0x0000000080000000, 0x0000000100000000)
  region size 1024K, 6 young (6144K), 6 survivors (6144K)
 Metaspace       used 89167K, committed 91136K, reserved 1179648K
  class space    used 12379K, committed 13376K, reserved 1048576K
}
Event: 8.827 GC heap before
{Heap before GC invocations=27 (full 0):
 garbage-first heap   total 164864K, used 153737K [0x0000000080000000, 0x0000000100000000)
  region size 1024K, 51 young (52224K), 6 survivors (6144K)
 Metaspace       used 89279K, committed 91264K, reserved 1179648K
  class space    used 12381K, committed 13376K, reserved 1048576K
}
Event: 8.845 GC heap after
{Heap after GC invocations=28 (full 0):
 garbage-first heap   total 178176K, used 113106K [0x0000000080000000, 0x0000000100000000)
  region size 1024K, 7 young (7168K), 7 survivors (7168K)
 Metaspace       used 89279K, committed 91264K, reserved 1179648K
  class space    used 12381K, committed 13376K, reserved 1048576K
}
Event: 9.265 GC heap before
{Heap before GC invocations=28 (full 0):
 garbage-first heap   total 178176K, used 153042K [0x0000000080000000, 0x0000000100000000)
  region size 1024K, 47 young (48128K), 7 survivors (7168K)
 Metaspace       used 93690K, committed 95680K, reserved 1179648K
  class space    used 12890K, committed 13888K, reserved 1048576K
}

