# JRE version: OpenJDK Runtime Environment (21.0.6) (build 21.0.6+-13355223-b631.42)
# Java VM: OpenJDK 64-Bit Server VM (21.0.6+-13355223-b631.42, mixed mode, tiered, compressed oops, compressed class ptrs, g1 gc, windows-amd64)
GC Precious Log:
 CardTable entry size: 512
 Card Set container configuration: InlinePtr #cards 5 size 8 Array Of Cards #cards 12 size 40 Howl #buckets 4 coarsen threshold 1843 Howl Bitmap #cards 512 size 80 coarsen threshold 460 Card regions per heap region 1 cards per card region 2048
 CPUs: 8 total, 8 available
 Memory: 8036M
 Large Page Support: Disabled
 NUMA Support: Disabled
 Compressed Oops: Enabled (32-bit)
 Heap Region Size: 1M
 Heap Min Capacity: 8M
 Heap Initial Capacity: 126M
 Heap Max Capacity: 2G
 Pre-touch: Disabled
 Parallel Workers: 8
 Concurrent Workers: 2
 Concurrent Refinement Workers: 8
 Periodic GC: Disabled
Heap:
 garbage-first heap   total 168960K, used 155789K [0x0000000080000000, 0x0000000100000000)
  region size 1024K, 57 young (58368K), 7 survivors (7168K)
 Metaspace       used 95773K, committed 97856K, reserved 1179648K
  class space    used 13185K, committed 14208K, reserved 1048576K
GC Heap History (20 events):
Event: 5.746 GC heap after
{Heap after GC invocations=15 (full 0):
 garbage-first heap   total 115712K, used 75083K [0x0000000080000000, 0x0000000100000000)
  region size 1024K, 5 young (5120K), 5 survivors (5120K)
 Metaspace       used 58548K, committed 60160K, reserved 1114112K
  class space    used 7827K, committed 8640K, reserved 1048576K
}
Event: 5.834 GC heap before
{Heap before GC invocations=15 (full 0):
 garbage-first heap   total 115712K, used 102731K [0x0000000080000000, 0x0000000100000000)
  region size 1024K, 32 young (32768K), 5 survivors (5120K)
 Metaspace       used 58982K, committed 60608K, reserved 1114112K
  class space    used 7890K, committed 8704K, reserved 1048576K
}
Event: 5.837 GC heap after
{Heap after GC invocations=16 (full 0):
 garbage-first heap   total 115712K, used 76473K [0x0000000080000000, 0x0000000100000000)
  region size 1024K, 1 young (1024K), 1 survivors (1024K)
 Metaspace       used 58982K, committed 60608K, reserved 1114112K
  class space    used 7890K, committed 8704K, reserved 1048576K
}
Event: 6.098 GC heap before
{Heap before GC invocations=16 (full 0):
 garbage-first heap   total 115712K, used 105145K [0x0000000080000000, 0x0000000100000000)
  region size 1024K, 29 young (29696K), 1 survivors (1024K)
 Metaspace       used 62894K, committed 64576K, reserved 1114112K
  class space    used 8437K, committed 9280K, reserved 1048576K
}
Event: 6.100 GC heap after
{Heap after GC invocations=17 (full 0):
 garbage-first heap   total 115712K, used 77404K [0x0000000080000000, 0x0000000100000000)
  region size 1024K, 2 young (2048K), 2 survivors (2048K)
 Metaspace       used 62894K, committed 64576K, reserved 1114112K
  class space    used 8437K, committed 9280K, reserved 1048576K
}
Event: 6.461 GC heap before
{Heap before GC invocations=18 (full 0):
 garbage-first heap   total 130048K, used 106076K [0x0000000080000000, 0x0000000100000000)
  region size 1024K, 30 young (30720K), 2 survivors (2048K)
 Metaspace       used 66856K, committed 68608K, reserved 1114112K
  class space    used 9056K, committed 9920K, reserved 1048576K
}
Event: 6.465 GC heap after
{Heap after GC invocations=19 (full 0):
 garbage-first heap   total 130048K, used 79126K [0x0000000080000000, 0x0000000100000000)
  region size 1024K, 4 young (4096K), 4 survivors (4096K)
 Metaspace       used 66856K, committed 68608K, reserved 1114112K
  class space    used 9056K, committed 9920K, reserved 1048576K
}
Event: 6.953 GC heap before
{Heap before GC invocations=19 (full 0):
 garbage-first heap   total 130048K, used 118038K [0x0000000080000000, 0x0000000100000000)
  region size 1024K, 42 young (43008K), 4 survivors (4096K)
 Metaspace       used 70831K, committed 72768K, reserved 1114112K
  class space    used 9703K, committed 10688K, reserved 1048576K
}
Event: 6.958 GC heap after
{Heap after GC invocations=20 (full 0):
 garbage-first heap   total 156672K, used 80736K [0x0000000080000000, 0x0000000100000000)
  region size 1024K, 6 young (6144K), 6 survivors (6144K)
 Metaspace       used 70831K, committed 72768K, reserved 1114112K
  class space    used 9703K, committed 10688K, reserved 1048576K
}
Event: 8.507 GC heap before
{Heap before GC invocations=20 (full 0):
 garbage-first heap   total 156672K, used 139104K [0x0000000080000000, 0x0000000100000000)
  region size 1024K, 64 young (65536K), 6 survivors (6144K)
 Metaspace       used 79030K, committed 80896K, reserved 1179648K
  class space    used 10716K, committed 11648K, reserved 1048576K
}
Event: 8.516 GC heap after
{Heap after GC invocations=21 (full 0):
 garbage-first heap   total 156672K, used 87312K [0x0000000080000000, 0x0000000100000000)
  region size 1024K, 8 young (8192K), 8 survivors (8192K)
 Metaspace       used 79030K, committed 80896K, reserved 1179648K
  class space    used 10716K, committed 11648K, reserved 1048576K
}
Event: 8.787 GC heap before
{Heap before GC invocations=22 (full 0):
 garbage-first heap   total 156672K, used 137488K [0x0000000080000000, 0x0000000100000000)
  region size 1024K, 58 young (59392K), 8 survivors (8192K)
 Metaspace       used 79393K, committed 81280K, reserved 1179648K
  class space    used 10719K, committed 11648K, reserved 1048576K
}
Event: 8.795 GC heap after
{Heap after GC invocations=23 (full 0):
 garbage-first heap   total 156672K, used 90752K [0x0000000080000000, 0x0000000100000000)
  region size 1024K, 4 young (4096K), 4 survivors (4096K)
 Metaspace       used 79393K, committed 81280K, reserved 1179648K
  class space    used 10719K, committed 11648K, reserved 1048576K
}
Event: 8.988 GC heap before
{Heap before GC invocations=23 (full 0):
 garbage-first heap   total 156672K, used 140928K [0x0000000080000000, 0x0000000100000000)
  region size 1024K, 54 young (55296K), 4 survivors (4096K)
 Metaspace       used 79446K, committed 81280K, reserved 1179648K
  class space    used 10719K, committed 11648K, reserved 1048576K
}
Event: 8.992 GC heap after
{Heap after GC invocations=24 (full 0):
 garbage-first heap   total 156672K, used 90844K [0x0000000080000000, 0x0000000100000000)
  region size 1024K, 5 young (5120K), 5 survivors (5120K)
 Metaspace       used 79446K, committed 81280K, reserved 1179648K
  class space    used 10719K, committed 11648K, reserved 1048576K
}
Event: 9.513 GC heap before
{Heap before GC invocations=24 (full 0):
 garbage-first heap   total 156672K, used 141020K [0x0000000080000000, 0x0000000100000000)
  region size 1024K, 55 young (56320K), 5 survivors (5120K)
 Metaspace       used 85436K, committed 87296K, reserved 1179648K
  class space    used 11945K, committed 12864K, reserved 1048576K
}
Event: 9.519 GC heap after
{Heap after GC invocations=25 (full 0):
 garbage-first heap   total 156672K, used 92622K [0x0000000080000000, 0x0000000100000000)
  region size 1024K, 6 young (6144K), 6 survivors (6144K)
 Metaspace       used 85436K, committed 87296K, reserved 1179648K
  class space    used 11945K, committed 12864K, reserved 1048576K
}
Event: 10.232 GC heap before
{Heap before GC invocations=26 (full 0):
 garbage-first heap   total 157696K, used 148942K [0x0000000080000000, 0x0000000100000000)
  region size 1024K, 52 young (53248K), 6 survivors (6144K)
 Metaspace       used 92657K, committed 94592K, reserved 1179648K
  class space    used 12838K, committed 13824K, reserved 1048576K
}
Event: 10.236 GC heap after
{Heap after GC invocations=27 (full 0):
 garbage-first heap   total 157696K, used 94349K [0x0000000080000000, 0x0000000100000000)
  region size 1024K, 2 young (2048K), 2 survivors (2048K)
 Metaspace       used 92657K, committed 94592K, reserved 1179648K
  class space    used 12838K, committed 13824K, reserved 1048576K
}
Event: 10.736 GC heap before
{Heap before GC invocations=27 (full 0):
 garbage-first heap   total 157696K, used 155789K [0x0000000080000000, 0x0000000100000000)
  region size 1024K, 52 young (53248K), 2 survivors (2048K)
 Metaspace       used 95773K, committed 97856K, reserved 1179648K
  class space    used 13185K, committed 14208K, reserved 1048576K
}

