# JRE version: OpenJDK Runtime Environment (21.0.6) (build 21.0.6+-13355223-b631.42)
# Java VM: OpenJDK 64-Bit Server VM (21.0.6+-13355223-b631.42, mixed mode, tiered, compressed oops, compressed class ptrs, g1 gc, windows-amd64)
GC Precious Log:
 CardTable entry size: 512
 Card Set container configuration: InlinePtr #cards 5 size 8 Array Of Cards #cards 12 size 40 Howl #buckets 4 coarsen threshold 1843 Howl Bitmap #cards 512 size 80 coarsen threshold 460 Card regions per heap region 1 cards per card region 2048
 CPUs: 8 total, 8 available
 Memory: 8036M
 Large Page Support: Disabled
 NUMA Support: Disabled
 Compressed Oops: Enabled (32-bit)
 Heap Region Size: 1M
 Heap Min Capacity: 8M
 Heap Initial Capacity: 126M
 Heap Max Capacity: 2G
 Pre-touch: Disabled
 Parallel Workers: 8
 Concurrent Workers: 2
 Concurrent Refinement Workers: 8
 Periodic GC: Disabled
Heap:
 garbage-first heap   total 107520K, used 82584K [0x0000000080000000, 0x0000000100000000)
  region size 1024K, 36 young (36864K), 6 survivors (6144K)
 Metaspace       used 55840K, committed 57344K, reserved 1114112K
  class space    used 7598K, committed 8320K, reserved 1048576K
GC Heap History (20 events):
Event: 1.794 GC heap before
{Heap before GC invocations=1 (full 0):
 garbage-first heap   total 129024K, used 40661K [0x0000000080000000, 0x0000000100000000)
  region size 1024K, 37 young (37888K), 3 survivors (3072K)
 Metaspace       used 12148K, committed 12352K, reserved 1114112K
  class space    used 1273K, committed 1408K, reserved 1048576K
}
Event: 1.799 GC heap after
{Heap after GC invocations=2 (full 0):
 garbage-first heap   total 129024K, used 11591K [0x0000000080000000, 0x0000000100000000)
  region size 1024K, 5 young (5120K), 5 survivors (5120K)
 Metaspace       used 12148K, committed 12352K, reserved 1114112K
  class space    used 1273K, committed 1408K, reserved 1048576K
}
Event: 2.386 GC heap before
{Heap before GC invocations=2 (full 0):
 garbage-first heap   total 129024K, used 60743K [0x0000000080000000, 0x0000000100000000)
  region size 1024K, 52 young (53248K), 5 survivors (5120K)
 Metaspace       used 14222K, committed 14464K, reserved 1114112K
  class space    used 1556K, committed 1664K, reserved 1048576K
}
Event: 2.394 GC heap after
{Heap after GC invocations=3 (full 0):
 garbage-first heap   total 129024K, used 18141K [0x0000000080000000, 0x0000000100000000)
  region size 1024K, 6 young (6144K), 6 survivors (6144K)
 Metaspace       used 14222K, committed 14464K, reserved 1114112K
  class space    used 1556K, committed 1664K, reserved 1048576K
}
Event: 3.041 GC heap before
{Heap before GC invocations=3 (full 0):
 garbage-first heap   total 129024K, used 41693K [0x0000000080000000, 0x0000000100000000)
  region size 1024K, 30 young (30720K), 6 survivors (6144K)
 Metaspace       used 21260K, committed 21504K, reserved 1114112K
  class space    used 2446K, committed 2560K, reserved 1048576K
}
Event: 3.047 GC heap after
{Heap after GC invocations=4 (full 0):
 garbage-first heap   total 129024K, used 21066K [0x0000000080000000, 0x0000000100000000)
  region size 1024K, 4 young (4096K), 4 survivors (4096K)
 Metaspace       used 21260K, committed 21504K, reserved 1114112K
  class space    used 2446K, committed 2560K, reserved 1048576K
}
Event: 3.784 GC heap before
{Heap before GC invocations=5 (full 0):
 garbage-first heap   total 75776K, used 74314K [0x0000000080000000, 0x0000000100000000)
  region size 1024K, 56 young (57344K), 4 survivors (4096K)
 Metaspace       used 29823K, committed 30400K, reserved 1114112K
  class space    used 3814K, committed 4096K, reserved 1048576K
}
Event: 3.789 GC heap after
{Heap after GC invocations=6 (full 0):
 garbage-first heap   total 82944K, used 24129K [0x0000000080000000, 0x0000000100000000)
  region size 1024K, 7 young (7168K), 7 survivors (7168K)
 Metaspace       used 29823K, committed 30400K, reserved 1114112K
  class space    used 3814K, committed 4096K, reserved 1048576K
}
Event: 4.383 GC heap before
{Heap before GC invocations=6 (full 0):
 garbage-first heap   total 82944K, used 76353K [0x0000000080000000, 0x0000000100000000)
  region size 1024K, 46 young (47104K), 7 survivors (7168K)
 Metaspace       used 34997K, committed 35904K, reserved 1114112K
  class space    used 4696K, committed 5120K, reserved 1048576K
}
Event: 4.391 GC heap after
{Heap after GC invocations=7 (full 0):
 garbage-first heap   total 89088K, used 40953K [0x0000000080000000, 0x0000000100000000)
  region size 1024K, 6 young (6144K), 6 survivors (6144K)
 Metaspace       used 34997K, committed 35904K, reserved 1114112K
  class space    used 4696K, committed 5120K, reserved 1048576K
}
Event: 4.438 GC heap before
{Heap before GC invocations=7 (full 0):
 garbage-first heap   total 89088K, used 44025K [0x0000000080000000, 0x0000000100000000)
  region size 1024K, 10 young (10240K), 6 survivors (6144K)
 Metaspace       used 35246K, committed 36096K, reserved 1114112K
  class space    used 4734K, committed 5120K, reserved 1048576K
}
Event: 4.441 GC heap after
{Heap after GC invocations=8 (full 0):
 garbage-first heap   total 89088K, used 42864K [0x0000000080000000, 0x0000000100000000)
  region size 1024K, 2 young (2048K), 2 survivors (2048K)
 Metaspace       used 35246K, committed 36096K, reserved 1114112K
  class space    used 4734K, committed 5120K, reserved 1048576K
}
Event: 4.808 GC heap before
{Heap before GC invocations=9 (full 0):
 garbage-first heap   total 89088K, used 73584K [0x0000000080000000, 0x0000000100000000)
  region size 1024K, 31 young (31744K), 2 survivors (2048K)
 Metaspace       used 38887K, committed 39936K, reserved 1114112K
  class space    used 5309K, committed 5824K, reserved 1048576K
}
Event: 4.809 GC heap after
{Heap after GC invocations=10 (full 0):
 garbage-first heap   total 89088K, used 44629K [0x0000000080000000, 0x0000000100000000)
  region size 1024K, 3 young (3072K), 3 survivors (3072K)
 Metaspace       used 38887K, committed 39936K, reserved 1114112K
  class space    used 5309K, committed 5824K, reserved 1048576K
}
Event: 5.067 GC heap before
{Heap before GC invocations=10 (full 0):
 garbage-first heap   total 89088K, used 74325K [0x0000000080000000, 0x0000000100000000)
  region size 1024K, 32 young (32768K), 3 survivors (3072K)
 Metaspace       used 43041K, committed 44416K, reserved 1114112K
  class space    used 5987K, committed 6656K, reserved 1048576K
}
Event: 5.070 GC heap after
{Heap after GC invocations=11 (full 0):
 garbage-first heap   total 89088K, used 46155K [0x0000000080000000, 0x0000000100000000)
  region size 1024K, 4 young (4096K), 4 survivors (4096K)
 Metaspace       used 43041K, committed 44416K, reserved 1114112K
  class space    used 5987K, committed 6656K, reserved 1048576K
}
Event: 5.906 GC heap before
{Heap before GC invocations=11 (full 0):
 garbage-first heap   total 89088K, used 74827K [0x0000000080000000, 0x0000000100000000)
  region size 1024K, 33 young (33792K), 4 survivors (4096K)
 Metaspace       used 49201K, committed 50560K, reserved 1114112K
  class space    used 6650K, committed 7296K, reserved 1048576K
}
Event: 5.911 GC heap after
{Heap after GC invocations=12 (full 0):
 garbage-first heap   total 107520K, used 49982K [0x0000000080000000, 0x0000000100000000)
  region size 1024K, 5 young (5120K), 5 survivors (5120K)
 Metaspace       used 49201K, committed 50560K, reserved 1114112K
  class space    used 6650K, committed 7296K, reserved 1048576K
}
Event: 6.185 GC heap before
{Heap before GC invocations=13 (full 0):
 garbage-first heap   total 107520K, used 95038K [0x0000000080000000, 0x0000000100000000)
  region size 1024K, 44 young (45056K), 5 survivors (5120K)
 Metaspace       used 52239K, committed 53632K, reserved 1114112K
  class space    used 6993K, committed 7680K, reserved 1048576K
}
Event: 6.191 GC heap after
{Heap after GC invocations=14 (full 0):
 garbage-first heap   total 107520K, used 52888K [0x0000000080000000, 0x0000000100000000)
  region size 1024K, 6 young (6144K), 6 survivors (6144K)
 Metaspace       used 52239K, committed 53632K, reserved 1114112K
  class space    used 6993K, committed 7680K, reserved 1048576K
}

